0 info it worked if it ends with ok
1 verbose cli [ '/usr/local/bin/node',
1 verbose cli   '/usr/local/bin/npm',
1 verbose cli   'owner',
1 verbose cli   'add',
1 verbose cli   'bcronin',
1 verbose cli   '@lightstep/tracedpromise' ]
2 info using npm@3.10.3
3 info using node@v6.3.0
4 verbose owner add bcronin to @lightstep/tracedpromise
5 silly mapToRegistry name -/user/org.couchdb.user:bcronin
6 silly mapToRegistry using default registry
7 silly mapToRegistry registry https://registry.npmjs.org/
8 silly mapToRegistry data Result {
8 silly mapToRegistry   raw: '-/user/org.couchdb.user:bcronin',
8 silly mapToRegistry   scope: null,
8 silly mapToRegistry   escapedName: null,
8 silly mapToRegistry   name: null,
8 silly mapToRegistry   rawSpec: '-/user/org.couchdb.user:bcronin',
8 silly mapToRegistry   spec: '-/user/org.couchdb.user:bcronin',
8 silly mapToRegistry   type: 'local' }
9 silly mapToRegistry uri https://registry.npmjs.org/-/user/org.couchdb.user:bcronin
10 verbose request uri https://registry.npmjs.org/-/user/org.couchdb.user:bcronin
11 verbose request new user, so can't send auth
12 info attempt registry request try #1 at 1:37:42 PM
13 verbose request using bearer token for auth
14 verbose request id b99eb9ab794cf780
15 http request GET https://registry.npmjs.org/-/user/org.couchdb.user:bcronin
16 http 200 https://registry.npmjs.org/-/user/org.couchdb.user:bcronin
17 verbose headers { 'content-type': 'application/json',
17 verbose headers   'content-encoding': 'gzip',
17 verbose headers   'cache-control': 'max-age=300',
17 verbose headers   'transfer-encoding': 'chunked',
17 verbose headers   'accept-ranges': 'bytes',
17 verbose headers   date: 'Mon, 18 Jul 2016 20:37:42 GMT',
17 verbose headers   via: '1.1 varnish',
17 verbose headers   connection: 'keep-alive',
17 verbose headers   'x-served-by': 'cache-sea1925-SEA',
17 verbose headers   'x-cache': 'MISS',
17 verbose headers   'x-cache-hits': '0',
17 verbose headers   'x-timer': 'S1468874262.240418,VS0,VE92',
17 verbose headers   vary: 'Accept-Encoding' }
18 silly get cb [ 200,
18 silly get   { 'content-type': 'application/json',
18 silly get     'content-encoding': 'gzip',
18 silly get     'cache-control': 'max-age=300',
18 silly get     'transfer-encoding': 'chunked',
18 silly get     'accept-ranges': 'bytes',
18 silly get     date: 'Mon, 18 Jul 2016 20:37:42 GMT',
18 silly get     via: '1.1 varnish',
18 silly get     connection: 'keep-alive',
18 silly get     'x-served-by': 'cache-sea1925-SEA',
18 silly get     'x-cache': 'MISS',
18 silly get     'x-cache-hits': '0',
18 silly get     'x-timer': 'S1468874262.240418,VS0,VE92',
18 silly get     vary: 'Accept-Encoding' } ]
19 verbose get saving bcronin to /Users/bcronin/.npm/registry.npmjs.org/-/user/org.couchdb.user_3Abcronin/.cache.json
20 verbose correctMkdir /Users/bcronin/.npm correctMkdir not in flight; initializing
21 silly mapToRegistry name @lightstep/tracedpromise
22 silly mapToRegistry scope (from package name) @lightstep
23 verbose mapToRegistry no registry URL found in name for scope @lightstep
24 silly mapToRegistry using default registry
25 silly mapToRegistry registry https://registry.npmjs.org/
26 silly mapToRegistry data Result {
26 silly mapToRegistry   raw: '@lightstep/tracedpromise',
26 silly mapToRegistry   scope: '@lightstep',
26 silly mapToRegistry   escapedName: '@lightstep%2ftracedpromise',
26 silly mapToRegistry   name: '@lightstep/tracedpromise',
26 silly mapToRegistry   rawSpec: '',
26 silly mapToRegistry   spec: 'latest',
26 silly mapToRegistry   type: 'tag' }
27 silly mapToRegistry uri https://registry.npmjs.org/@lightstep%2ftracedpromise
28 verbose request uri https://registry.npmjs.org/@lightstep%2ftracedpromise
29 verbose request no auth needed
30 info attempt registry request try #1 at 1:37:42 PM
31 verbose request using bearer token for auth
32 http request GET https://registry.npmjs.org/@lightstep%2ftracedpromise
33 http 404 https://registry.npmjs.org/@lightstep%2ftracedpromise
34 verbose headers { 'content-type': 'application/json',
34 verbose headers   'cache-control': 'max-age=0',
34 verbose headers   'content-length': '21',
34 verbose headers   'accept-ranges': 'bytes',
34 verbose headers   date: 'Mon, 18 Jul 2016 20:37:43 GMT',
34 verbose headers   via: '1.1 varnish',
34 verbose headers   connection: 'keep-alive',
34 verbose headers   'x-served-by': 'cache-sea1925-SEA',
34 verbose headers   'x-cache': 'MISS',
34 verbose headers   'x-cache-hits': '0',
34 verbose headers   'x-timer': 'S1468874262.392934,VS0,VE885' }
35 silly get cb [ 404,
35 silly get   { 'content-type': 'application/json',
35 silly get     'cache-control': 'max-age=0',
35 silly get     'content-length': '21',
35 silly get     'accept-ranges': 'bytes',
35 silly get     date: 'Mon, 18 Jul 2016 20:37:43 GMT',
35 silly get     via: '1.1 varnish',
35 silly get     connection: 'keep-alive',
35 silly get     'x-served-by': 'cache-sea1925-SEA',
35 silly get     'x-cache': 'MISS',
35 silly get     'x-cache-hits': '0',
35 silly get     'x-timer': 'S1468874262.392934,VS0,VE885' } ]
36 error owner mutate Error getting package data for @lightstep/tracedpromise
37 verbose stack Error: Not found : @lightstep/tracedpromise
37 verbose stack     at makeError (/usr/local/lib/node_modules/npm/node_modules/npm-registry-client/lib/request.js:264:12)
37 verbose stack     at CachingRegistryClient.<anonymous> (/usr/local/lib/node_modules/npm/node_modules/npm-registry-client/lib/request.js:252:14)
37 verbose stack     at Request._callback (/usr/local/lib/node_modules/npm/node_modules/npm-registry-client/lib/request.js:172:14)
37 verbose stack     at Request.self.callback (/usr/local/lib/node_modules/npm/node_modules/request/request.js:200:22)
37 verbose stack     at emitTwo (events.js:106:13)
37 verbose stack     at Request.emit (events.js:191:7)
37 verbose stack     at Request.<anonymous> (/usr/local/lib/node_modules/npm/node_modules/request/request.js:1067:10)
37 verbose stack     at emitOne (events.js:101:20)
37 verbose stack     at Request.emit (events.js:188:7)
37 verbose stack     at IncomingMessage.<anonymous> (/usr/local/lib/node_modules/npm/node_modules/request/request.js:988:12)
38 verbose statusCode 404
39 verbose pkgid @lightstep/tracedpromise
40 verbose cwd /Users/bcronin/lightstep/tracedpromise
41 error Darwin 15.5.0
42 error argv "/usr/local/bin/node" "/usr/local/bin/npm" "owner" "add" "bcronin" "@lightstep/tracedpromise"
43 error node v6.3.0
44 error npm  v3.10.3
45 error code E404
46 error 404 Not found : @lightstep/tracedpromise
47 error 404
48 error 404 '@lightstep/tracedpromise' is not in the npm registry.
49 error 404 You should bug the author to publish it (or use the name yourself!)
50 error 404 Note that you can also install from a
51 error 404 tarball, folder, http url, or git url.
52 verbose exit [ 1, true ]
